<?xml version="1.0" encoding="UTF-8"?>
<!-- Generated by org.testng.reporters.JUnitReportReporter -->
<testsuite hostname="LIN66010984" failures="0" tests="3" name="com.testng.NewTestng" time="0.010" errors="0" timestamp="2023-09-19T15:25:57 IST" skipped="0">
  <testcase classname="com.testng.NewTestng" name="test1" time="0.004"/>
  <testcase classname="com.testng.NewTestng" name="test3" time="0.003"/>
  <testcase classname="com.testng.NewTestng" name="test2" time="0.003"/>
</testsuite> <!-- com.testng.NewTestng -->
