<?xml version="1.0" encoding="UTF-8"?>
<!-- Generated by org.testng.reporters.JUnitReportReporter -->
<testsuite hostname="LIN66010984" failures="0" tests="2" name="com.test.ArthematicalOperationsTest" time="0.129" errors="0" timestamp="2023-09-20T15:09:12 IST" skipped="0">
  <testcase classname="com.test.ArthematicalOperationsTest" name="testAdd" time="0.002"/>
  <testcase classname="com.test.ArthematicalOperationsTest" name="testAdd" time="0.127"/>
</testsuite> <!-- com.test.ArthematicalOperationsTest -->
