<?xml version="1.0" encoding="UTF-8"?>
<!-- Generated by org.testng.reporters.JUnitReportReporter -->
<testsuite hostname="LIN66010984" failures="0" tests="3" name="com.testng.HRMAppAuto" time="47.503" errors="0" timestamp="2023-09-20T17:07:16 IST" skipped="0">
  <testcase classname="com.testng.HRMAppAuto" name="login" time="17.358"/>
  <testcase classname="com.testng.HRMAppAuto" name="login" time="19.753"/>
  <testcase classname="com.testng.HRMAppAuto" name="login" time="10.392"/>
</testsuite> <!-- com.testng.HRMAppAuto -->
